<?xml version="1.0" encoding="utf-8"?><testsuites name="pytest tests"><testsuite name="pytest" errors="0" failures="0" skipped="0" tests="2" time="1.701" timestamp="2026-09-23T23:03:38.713470+00:00" hostname="agent-env-7daec8fb-430d-4975-8782-47ac2a833552"><testcase classname="tests.test_iter28_colorful_category_art_v3" name="test_categories_are_v3_and_expected_12" time="0.192" /><testcase classname="tests.test_iter28_colorful_category_art_v3" name="test_category_media_v3_12_plus_all_is_decodable_webp" time="1.173" /></testsuite></testsuites>